<?xml version="1.0" encoding="UTF-8"?>
<testsuite errors="0" failures="0" file=".py" name="Test-20200124173421" skipped="0" tests="26" time="323.545" timestamp="2020-01-24T17:39:47">
	<testcase classname="Test" file="vaeative_unit.py" line="65" name="test_Introduction_to_Complex_Numbers" time="2.872" timestamp="2020-01-24T17:34:26">
		<system-out>
<![CDATA[]]>		</system-out>
		<system-err>
<![CDATA[]]>		</system-err>
	</testcase>
	<testcase classname="Test" file="vaeative_unit.py" line="117" name="test_Line_and_Plane_of_Symmetry" time="2.884" timestamp="2020-01-24T17:34:29">
		<system-out>
<![CDATA[]]>		</system-out>
		<system-err>
<![CDATA[]]>		</system-err>
	</testcase>
	<testcase classname="Test" file="vaeative_unit.py" line="91" name="test_Opaque_Translucent_and_Transparent" time="2.824" timestamp="2020-01-24T17:34:32">
		<system-out>
<![CDATA[]]>		</system-out>
		<system-err>
<![CDATA[]]>		</system-err>
	</testcase>
	<testcase classname="Test" file="vaeative_unit.py" line="78" name="test_Reproductive_Parts_of_a_Flower" time="3.328" timestamp="2020-01-24T17:34:35">
		<system-out>
<![CDATA[]]>		</system-out>
		<system-err>
<![CDATA[]]>		</system-err>
	</testcase>
	<testcase classname="Test" file="vaeative_unit.py" line="104" name="test_Series_and_Parallel_Circuits" time="2.913" timestamp="2020-01-24T17:34:38">
		<system-out>
<![CDATA[]]>		</system-out>
		<system-err>
<![CDATA[]]>		</system-err>
	</testcase>
	<testcase classname="Test" file="vaeative_unit.py" line="41" name="test_avatar_monkey" time="2.954" timestamp="2020-01-24T17:34:41">
		<system-out>
<![CDATA[]]>		</system-out>
		<system-err>
<![CDATA[]]>		</system-err>
	</testcase>
	<testcase classname="Test" file="vaeative_unit.py" line="53" name="test_avatar_snake" time="3.099" timestamp="2020-01-24T17:34:44">
		<system-out>
<![CDATA[]]>		</system-out>
		<system-err>
<![CDATA[]]>		</system-err>
	</testcase>
	<testcase classname="Test" file="vaeative_unit.py" line="400" name="test_componet_Dominent_recessive_validations" time="16.154" timestamp="2020-01-24T17:35:01">
		<system-out>
<![CDATA[]]>		</system-out>
		<system-err>
<![CDATA[]]>		</system-err>
	</testcase>
	<testcase classname="Test" file="vaeative_unit.py" line="378" name="test_componet_Galv_validations" time="11.540" timestamp="2020-01-24T17:35:12">
		<system-out>
<![CDATA[]]>		</system-out>
		<system-err>
<![CDATA[]]>		</system-err>
	</testcase>
	<testcase classname="Test" file="vaeative_unit.py" line="467" name="test_componet_Humun_brain_validations" time="29.131" timestamp="2020-01-24T17:35:41">
		<system-out>
<![CDATA[]]>		</system-out>
		<system-err>
<![CDATA[]]>		</system-err>
	</testcase>
	<testcase classname="Test" file="vaeative_unit.py" line="312" name="test_componet_OpaqueT_validations" time="14.812" timestamp="2020-01-24T17:35:56">
		<system-out>
<![CDATA[]]>		</system-out>
		<system-err>
<![CDATA[]]>		</system-err>
	</testcase>
	<testcase classname="Test" file="vaeative_unit.py" line="290" name="test_componet_Reproduct_part_validations" time="23.033" timestamp="2020-01-24T17:36:19">
		<system-out>
<![CDATA[]]>		</system-out>
		<system-err>
<![CDATA[]]>		</system-err>
	</testcase>
	<testcase classname="Test" file="vaeative_unit.py" line="356" name="test_componet_atomic_model_validations" time="12.999" timestamp="2020-01-24T17:36:32">
		<system-out>
<![CDATA[]]>		</system-out>
		<system-err>
<![CDATA[]]>		</system-err>
	</testcase>
	<testcase classname="Test" file="vaeative_unit.py" line="268" name="test_componet_complexNumbers_validations" time="24.194" timestamp="2020-01-24T17:36:56">
		<system-out>
<![CDATA[]]>		</system-out>
		<system-err>
<![CDATA[]]>		</system-err>
	</testcase>
	<testcase classname="Test" file="vaeative_unit.py" line="445" name="test_componet_dot_structure_validations" time="26.662" timestamp="2020-01-24T17:37:23">
		<system-out>
<![CDATA[]]>		</system-out>
		<system-err>
<![CDATA[]]>		</system-err>
	</testcase>
	<testcase classname="Test" file="vaeative_unit.py" line="224" name="test_componet_lineandplain_validations" time="11.260" timestamp="2020-01-24T17:37:34">
		<system-out>
<![CDATA[]]>		</system-out>
		<system-err>
<![CDATA[]]>		</system-err>
	</testcase>
	<testcase classname="Test" file="vaeative_unit.py" line="422" name="test_componet_lines_validations" time="12.207" timestamp="2020-01-24T17:37:46">
		<system-out>
<![CDATA[]]>		</system-out>
		<system-err>
<![CDATA[]]>		</system-err>
	</testcase>
	<testcase classname="Test" file="vaeative_unit.py" line="334" name="test_componet_series_parallel_validations" time="17.866" timestamp="2020-01-24T17:38:04">
		<system-out>
<![CDATA[]]>		</system-out>
		<system-err>
<![CDATA[]]>		</system-err>
	</testcase>
	<testcase classname="Test" file="vaeative_unit.py" line="246" name="test_componet_structurePhonel_validations" time="29.303" timestamp="2020-01-24T17:38:34">
		<system-out>
<![CDATA[]]>		</system-out>
		<system-err>
<![CDATA[]]>		</system-err>
	</testcase>
	<testcase classname="Test" file="vaeative_unit.py" line="143" name="test_humun_brain" time="6.804" timestamp="2020-01-24T17:38:40">
		<system-out>
<![CDATA[]]>		</system-out>
		<system-err>
<![CDATA[]]>		</system-err>
	</testcase>
	<testcase classname="Test" file="vaeative_unit.py" line="130" name="test_lines" time="8.930" timestamp="2020-01-24T17:38:49">
		<system-out>
<![CDATA[]]>		</system-out>
		<system-err>
<![CDATA[]]>		</system-err>
	</testcase>
	<testcase classname="Test" file="vaeative_unit.py" line="156" name="test_login_form_validations" time="10.591" timestamp="2020-01-24T17:39:00">
		<system-out>
<![CDATA[logged in successfully
]]>		</system-out>
		<system-err>
<![CDATA[]]>		</system-err>
	</testcase>
	<testcase classname="Test" file="vaeative_unit.py" line="184" name="test_signup_form_validations" time="15.985" timestamp="2020-01-24T17:39:16">
		<system-out>
<![CDATA[signup in successfully
]]>		</system-out>
		<system-err>
<![CDATA[]]>		</system-err>
	</testcase>
	<testcase classname="Test" file="vaeative_unit.py" line="174" name="test_signup_tag_validations" time="9.427" timestamp="2020-01-24T17:39:25">
		<system-out>
<![CDATA[]]>		</system-out>
		<system-err>
<![CDATA[]]>		</system-err>
	</testcase>
	<testcase classname="Test" file="vaeative_unit.py" line="29" name="test_structure_of_phenol_boy" time="9.505" timestamp="2020-01-24T17:39:35">
		<system-out>
<![CDATA[]]>		</system-out>
		<system-err>
<![CDATA[]]>		</system-err>
	</testcase>
	<testcase classname="Test" file="vaeative_unit.py" line="17" name="test_structure_of_phenol_girl" time="12.268" timestamp="2020-01-24T17:39:47">
		<system-out>
<![CDATA[]]>		</system-out>
		<system-err>
<![CDATA[]]>		</system-err>
	</testcase>
</testsuite>
