<?xml version="1.0" encoding="UTF-8"?>
<testsuite name="Test-20200124120212" tests="1" file=".py" time="5.985" timestamp="2020-01-24T12:02:20" failures="0" errors="0" skipped="0">
	<testcase classname="Test" name="test_signup_form_validations" time="5.985" timestamp="2020-01-24T12:02:20" file="unittests\vaeative_unit.py" line="184">
		<system-out><![CDATA[signup in successfully
]]></system-out>
		<system-err><![CDATA[]]></system-err>
	</testcase>
</testsuite>
