<?xml version="1.0" encoding="UTF-8"?>
<testsuite name="Test-20200124104453" tests="1" file=".py" time="5.659" timestamp="2020-01-24T10:45:02" failures="0" errors="0" skipped="0">
	<testcase classname="Test" name="test_login_form_validations" time="5.659" timestamp="2020-01-24T10:45:02" file="unittests\vaeative_unit.py" line="156">
		<system-out><![CDATA[logged in successfully
signup in successfully
]]></system-out>
		<system-err><![CDATA[]]></system-err>
	</testcase>
</testsuite>
