<?xml version="1.0" encoding="UTF-8"?>
<testsuite name="Test-20200124123547" tests="1" file=".py" time="5.711" timestamp="2020-01-24T12:35:55" failures="0" errors="0" skipped="0">
	<testcase classname="Test" name="test_login_form_validations" time="5.711" timestamp="2020-01-24T12:35:55" file="unittests\unity.py" line="17">
		<system-out><![CDATA[logged in successfully
]]></system-out>
		<system-err><![CDATA[]]></system-err>
	</testcase>
</testsuite>
