<?xml version="1.0" encoding="UTF-8"?>
<testsuite name="Test-20200124122542" tests="1" file=".py" time="6.344" timestamp="2020-01-24T12:25:51" failures="0" errors="0" skipped="0">
	<testcase classname="Test" name="test_login_form_validations" time="6.344" timestamp="2020-01-24T12:25:51" file="unittests\vaeative_unit.py" line="156">
		<system-out><![CDATA[logged in successfully
]]></system-out>
		<system-err><![CDATA[]]></system-err>
	</testcase>
</testsuite>
