<?xml version="1.0" encoding="UTF-8"?>
<testsuite name="Test-20200124110833" tests="1" file=".py" time="7.807" timestamp="2020-01-24T11:08:43" failures="0" errors="0" skipped="0">
	<testcase classname="Test" name="test_signup_form_validations" time="7.807" timestamp="2020-01-24T11:08:43" file="unittests\vaeative_unit.py" line="184">
		<system-out><![CDATA[signup in successfully
]]></system-out>
		<system-err><![CDATA[]]></system-err>
	</testcase>
</testsuite>
